\BOOKMARK [0][-]{chapter.1}{Informa\347\365es gerais}{}% 1
\BOOKMARK [1][-]{section.1.1}{Informa\347\365es do aluno}{chapter.1}% 2
\BOOKMARK [1][-]{section.1.2}{Informa\347\365es da empresa}{chapter.1}% 3
\BOOKMARK [0][-]{chapter.2}{Objetivo}{}% 4
\BOOKMARK [0][-]{chapter.3}{A empresa}{}% 5
\BOOKMARK [1][-]{section.3.1}{Apresenta\347\343o da empresa}{chapter.3}% 6
\BOOKMARK [1][-]{section.3.2}{Breve hist\363rico}{chapter.3}% 7
\BOOKMARK [1][-]{section.3.3}{Ramo de atividades}{chapter.3}% 8
\BOOKMARK [1][-]{section.3.4}{Linha de produtos}{chapter.3}% 9
\BOOKMARK [1][-]{section.3.5}{Organograma}{chapter.3}% 10
\BOOKMARK [0][-]{chapter.4}{O est\341gio}{}% 11
\BOOKMARK [1][-]{section.4.1}{Descri\347\343o sucinta das atividades}{chapter.4}% 12
\BOOKMARK [2][-]{subsection.4.1.1}{Cria\347\343o de EPH}{section.4.1}% 13
\BOOKMARK [2][-]{subsection.4.1.2}{Route Control System}{section.4.1}% 14
\BOOKMARK [2][-]{subsection.4.1.3}{Desenvolvimento e atualiza\347\343o de ferramentas de trabalho}{section.4.1}% 15
\BOOKMARK [2][-]{subsection.4.1.4}{Participa\347\343o em TAF \(Teste de Aceita\347\343o de F\341brica\)}{section.4.1}% 16
\BOOKMARK [2][-]{subsection.4.1.5}{Upgrade de sistema}{section.4.1}% 17
\BOOKMARK [0][-]{chapter.5}{Descri\347\343o detalhada de atividade}{}% 18
\BOOKMARK [1][-]{section.5.1}{Desenvolvimento do software de simula\347\343o SIMIT com o simulador de campo SIMBA Profibus}{chapter.5}% 19
\BOOKMARK [0][-]{chapter.6}{Avalia\347\343o do est\341gio}{}% 20
\BOOKMARK [1][-]{section.6.1}{Assinaturas}{chapter.6}% 21
\BOOKMARK [0][-]{chapter.7}{Refer\352ncias}{}% 22
